{"C:\\Users\\PC\\COA-Todo\\app.js": {"path":"C:\\Users\\PC\\COA-Todo\\app.js","statementMap":{"0":{"start":{"line":6,"column":12},"end":{"line":6,"column":21}},"1":{"start":{"line":8,"column":0},"end":{"line":8,"column":27}},"2":{"start":{"line":9,"column":0},"end":{"line":9,"column":52}},"3":{"start":{"line":11,"column":0},"end":{"line":35,"column":3}},"4":{"start":{"line":12,"column":20},"end":{"line":12,"column":49}},"5":{"start":{"line":14,"column":2},"end":{"line":19,"column":3}},"6":{"start":{"line":15,"column":4},"end":{"line":18,"column":7}},"7":{"start":{"line":21,"column":15},"end":{"line":28,"column":3}},"8":{"start":{"line":29,"column":2},"end":{"line":29,"column":16}},"9":{"start":{"line":30,"column":2},"end":{"line":34,"column":5}},"10":{"start":{"line":37,"column":0},"end":{"line":53,"column":3}},"11":{"start":{"line":38,"column":13},"end":{"line":38,"column":40}},"12":{"start":{"line":40,"column":15},"end":{"line":40,"column":50}},"13":{"start":{"line":40,"column":34},"end":{"line":40,"column":49}},"14":{"start":{"line":42,"column":2},"end":{"line":47,"column":3}},"15":{"start":{"line":43,"column":4},"end":{"line":46,"column":7}},"16":{"start":{"line":48,"column":2},"end":{"line":52,"column":5}},"17":{"start":{"line":55,"column":0},"end":{"line":83,"column":3}},"18":{"start":{"line":56,"column":13},"end":{"line":56,"column":40}},"19":{"start":{"line":57,"column":15},"end":{"line":57,"column":50}},"20":{"start":{"line":57,"column":34},"end":{"line":57,"column":49}},"21":{"start":{"line":58,"column":16},"end":{"line":58,"column":56}},"22":{"start":{"line":58,"column":40},"end":{"line":58,"column":55}},"23":{"start":{"line":60,"column":2},"end":{"line":65,"column":3}},"24":{"start":{"line":61,"column":4},"end":{"line":64,"column":7}},"25":{"start":{"line":67,"column":22},"end":{"line":74,"column":3}},"26":{"start":{"line":76,"column":2},"end":{"line":76,"column":26}},"27":{"start":{"line":78,"column":2},"end":{"line":82,"column":5}},"28":{"start":{"line":85,"column":0},"end":{"line":91,"column":3}},"29":{"start":{"line":86,"column":2},"end":{"line":90,"column":5}},"30":{"start":{"line":89,"column":30},"end":{"line":89,"column":55}},"31":{"start":{"line":93,"column":0},"end":{"line":121,"column":3}},"32":{"start":{"line":94,"column":13},"end":{"line":94,"column":40}},"33":{"start":{"line":95,"column":15},"end":{"line":95,"column":50}},"34":{"start":{"line":95,"column":34},"end":{"line":95,"column":49}},"35":{"start":{"line":96,"column":16},"end":{"line":96,"column":56}},"36":{"start":{"line":96,"column":40},"end":{"line":96,"column":55}},"37":{"start":{"line":98,"column":2},"end":{"line":103,"column":3}},"38":{"start":{"line":99,"column":4},"end":{"line":102,"column":7}},"39":{"start":{"line":105,"column":24},"end":{"line":112,"column":3}},"40":{"start":{"line":114,"column":2},"end":{"line":114,"column":28}},"41":{"start":{"line":116,"column":2},"end":{"line":120,"column":5}},"42":{"start":{"line":123,"column":0},"end":{"line":139,"column":3}},"43":{"start":{"line":124,"column":13},"end":{"line":124,"column":40}},"44":{"start":{"line":125,"column":16},"end":{"line":125,"column":76}},"45":{"start":{"line":125,"column":40},"end":{"line":125,"column":75}},"46":{"start":{"line":126,"column":2},"end":{"line":131,"column":3}},"47":{"start":{"line":127,"column":4},"end":{"line":130,"column":7}},"48":{"start":{"line":133,"column":2},"end":{"line":133,"column":29}},"49":{"start":{"line":135,"column":2},"end":{"line":138,"column":5}},"50":{"start":{"line":141,"column":0},"end":{"line":154,"column":3}},"51":{"start":{"line":143,"column":2},"end":{"line":148,"column":3}},"52":{"start":{"line":144,"column":6},"end":{"line":147,"column":9}},"53":{"start":{"line":149,"column":2},"end":{"line":153,"column":5}},"54":{"start":{"line":152,"column":31},"end":{"line":152,"column":54}},"55":{"start":{"line":156,"column":13},"end":{"line":156,"column":17}},"56":{"start":{"line":158,"column":0},"end":{"line":160,"column":3}},"57":{"start":{"line":159,"column":2},"end":{"line":159,"column":48}}},"fnMap":{"0":{"name":"(anonymous_0)","decl":{"start":{"line":11,"column":26},"end":{"line":11,"column":27}},"loc":{"start":{"line":11,"column":40},"end":{"line":35,"column":1}},"line":11},"1":{"name":"(anonymous_1)","decl":{"start":{"line":37,"column":36},"end":{"line":37,"column":37}},"loc":{"start":{"line":37,"column":50},"end":{"line":53,"column":1}},"line":37},"2":{"name":"(anonymous_2)","decl":{"start":{"line":40,"column":23},"end":{"line":40,"column":24}},"loc":{"start":{"line":40,"column":34},"end":{"line":40,"column":49}},"line":40},"3":{"name":"(anonymous_3)","decl":{"start":{"line":55,"column":36},"end":{"line":55,"column":37}},"loc":{"start":{"line":55,"column":50},"end":{"line":83,"column":1}},"line":55},"4":{"name":"(anonymous_4)","decl":{"start":{"line":57,"column":23},"end":{"line":57,"column":24}},"loc":{"start":{"line":57,"column":34},"end":{"line":57,"column":49}},"line":57},"5":{"name":"(anonymous_5)","decl":{"start":{"line":58,"column":29},"end":{"line":58,"column":30}},"loc":{"start":{"line":58,"column":40},"end":{"line":58,"column":55}},"line":58},"6":{"name":"(anonymous_6)","decl":{"start":{"line":85,"column":25},"end":{"line":85,"column":26}},"loc":{"start":{"line":85,"column":39},"end":{"line":91,"column":1}},"line":85},"7":{"name":"(anonymous_7)","decl":{"start":{"line":89,"column":21},"end":{"line":89,"column":22}},"loc":{"start":{"line":89,"column":30},"end":{"line":89,"column":55}},"line":89},"8":{"name":"(anonymous_8)","decl":{"start":{"line":93,"column":39},"end":{"line":93,"column":40}},"loc":{"start":{"line":93,"column":53},"end":{"line":121,"column":1}},"line":93},"9":{"name":"(anonymous_9)","decl":{"start":{"line":95,"column":23},"end":{"line":95,"column":24}},"loc":{"start":{"line":95,"column":34},"end":{"line":95,"column":49}},"line":95},"10":{"name":"(anonymous_10)","decl":{"start":{"line":96,"column":29},"end":{"line":96,"column":30}},"loc":{"start":{"line":96,"column":40},"end":{"line":96,"column":55}},"line":96},"11":{"name":"(anonymous_11)","decl":{"start":{"line":123,"column":39},"end":{"line":123,"column":40}},"loc":{"start":{"line":123,"column":53},"end":{"line":139,"column":1}},"line":123},"12":{"name":"(anonymous_12)","decl":{"start":{"line":125,"column":29},"end":{"line":125,"column":30}},"loc":{"start":{"line":125,"column":40},"end":{"line":125,"column":75}},"line":125},"13":{"name":"(anonymous_13)","decl":{"start":{"line":141,"column":27},"end":{"line":141,"column":28}},"loc":{"start":{"line":141,"column":41},"end":{"line":154,"column":1}},"line":141},"14":{"name":"(anonymous_14)","decl":{"start":{"line":152,"column":21},"end":{"line":152,"column":22}},"loc":{"start":{"line":152,"column":31},"end":{"line":152,"column":54}},"line":152},"15":{"name":"(anonymous_15)","decl":{"start":{"line":158,"column":17},"end":{"line":158,"column":18}},"loc":{"start":{"line":158,"column":23},"end":{"line":160,"column":1}},"line":158}},"branchMap":{"0":{"loc":{"start":{"line":14,"column":2},"end":{"line":19,"column":3}},"type":"if","locations":[{"start":{"line":14,"column":2},"end":{"line":19,"column":3}},{"start":{},"end":{}}],"line":14},"1":{"loc":{"start":{"line":42,"column":2},"end":{"line":47,"column":3}},"type":"if","locations":[{"start":{"line":42,"column":2},"end":{"line":47,"column":3}},{"start":{},"end":{}}],"line":42},"2":{"loc":{"start":{"line":60,"column":2},"end":{"line":65,"column":3}},"type":"if","locations":[{"start":{"line":60,"column":2},"end":{"line":65,"column":3}},{"start":{},"end":{}}],"line":60},"3":{"loc":{"start":{"line":69,"column":11},"end":{"line":69,"column":39}},"type":"binary-expr","locations":[{"start":{"line":69,"column":11},"end":{"line":69,"column":25}},{"start":{"line":69,"column":29},"end":{"line":69,"column":39}}],"line":69},"4":{"loc":{"start":{"line":70,"column":17},"end":{"line":70,"column":57}},"type":"binary-expr","locations":[{"start":{"line":70,"column":17},"end":{"line":70,"column":37}},{"start":{"line":70,"column":41},"end":{"line":70,"column":57}}],"line":70},"5":{"loc":{"start":{"line":71,"column":10},"end":{"line":71,"column":36}},"type":"binary-expr","locations":[{"start":{"line":71,"column":10},"end":{"line":71,"column":23}},{"start":{"line":71,"column":27},"end":{"line":71,"column":36}}],"line":71},"6":{"loc":{"start":{"line":72,"column":17},"end":{"line":72,"column":57}},"type":"binary-expr","locations":[{"start":{"line":72,"column":17},"end":{"line":72,"column":37}},{"start":{"line":72,"column":41},"end":{"line":72,"column":57}}],"line":72},"7":{"loc":{"start":{"line":73,"column":15},"end":{"line":73,"column":51}},"type":"binary-expr","locations":[{"start":{"line":73,"column":15},"end":{"line":73,"column":33}},{"start":{"line":73,"column":37},"end":{"line":73,"column":51}}],"line":73},"8":{"loc":{"start":{"line":98,"column":2},"end":{"line":103,"column":3}},"type":"if","locations":[{"start":{"line":98,"column":2},"end":{"line":103,"column":3}},{"start":{},"end":{}}],"line":98},"9":{"loc":{"start":{"line":107,"column":11},"end":{"line":107,"column":39}},"type":"binary-expr","locations":[{"start":{"line":107,"column":11},"end":{"line":107,"column":25}},{"start":{"line":107,"column":29},"end":{"line":107,"column":39}}],"line":107},"10":{"loc":{"start":{"line":108,"column":17},"end":{"line":108,"column":57}},"type":"binary-expr","locations":[{"start":{"line":108,"column":17},"end":{"line":108,"column":37}},{"start":{"line":108,"column":41},"end":{"line":108,"column":57}}],"line":108},"11":{"loc":{"start":{"line":109,"column":10},"end":{"line":109,"column":36}},"type":"binary-expr","locations":[{"start":{"line":109,"column":10},"end":{"line":109,"column":23}},{"start":{"line":109,"column":27},"end":{"line":109,"column":36}}],"line":109},"12":{"loc":{"start":{"line":110,"column":17},"end":{"line":110,"column":57}},"type":"binary-expr","locations":[{"start":{"line":110,"column":17},"end":{"line":110,"column":37}},{"start":{"line":110,"column":41},"end":{"line":110,"column":57}}],"line":110},"13":{"loc":{"start":{"line":111,"column":15},"end":{"line":111,"column":51}},"type":"binary-expr","locations":[{"start":{"line":111,"column":15},"end":{"line":111,"column":33}},{"start":{"line":111,"column":37},"end":{"line":111,"column":51}}],"line":111},"14":{"loc":{"start":{"line":125,"column":40},"end":{"line":125,"column":75}},"type":"binary-expr","locations":[{"start":{"line":125,"column":40},"end":{"line":125,"column":55}},{"start":{"line":125,"column":59},"end":{"line":125,"column":75}}],"line":125},"15":{"loc":{"start":{"line":126,"column":2},"end":{"line":131,"column":3}},"type":"if","locations":[{"start":{"line":126,"column":2},"end":{"line":131,"column":3}},{"start":{},"end":{}}],"line":126},"16":{"loc":{"start":{"line":143,"column":2},"end":{"line":148,"column":3}},"type":"if","locations":[{"start":{"line":143,"column":2},"end":{"line":148,"column":3}},{"start":{},"end":{}}],"line":143}},"s":{"0":1,"1":1,"2":1,"3":1,"4":3,"5":3,"6":2,"7":1,"8":1,"9":1,"10":1,"11":2,"12":2,"13":2,"14":2,"15":1,"16":1,"17":1,"18":3,"19":3,"20":3,"21":3,"22":3,"23":3,"24":1,"25":2,"26":2,"27":2,"28":1,"29":2,"30":1,"31":1,"32":2,"33":2,"34":2,"35":2,"36":2,"37":2,"38":1,"39":1,"40":1,"41":1,"42":1,"43":2,"44":2,"45":2,"46":2,"47":1,"48":1,"49":1,"50":1,"51":2,"52":1,"53":1,"54":1,"55":1,"56":1,"57":1},"f":{"0":3,"1":2,"2":2,"3":3,"4":3,"5":3,"6":2,"7":1,"8":2,"9":2,"10":2,"11":2,"12":2,"13":2,"14":1,"15":1},"b":{"0":[2,1],"1":[1,1],"2":[1,2],"3":[2,1],"4":[2,1],"5":[2,1],"6":[2,2],"7":[2,2],"8":[1,1],"9":[1,1],"10":[1,1],"11":[1,1],"12":[1,1],"13":[1,1],"14":[2,1],"15":[1,1],"16":[1,1]},"_coverageSchema":"1a1c01bbd47fc00a2c39e90264f33305004495a9","hash":"9562e4d14380c7cc2db9d49c3ddaf8c9292a465e"}
,"C:\\Users\\PC\\COA-Todo\\validation.js": {"path":"C:\\Users\\PC\\COA-Todo\\validation.js","statementMap":{"0":{"start":{"line":3,"column":19},"end":{"line":36,"column":2}}},"fnMap":{},"branchMap":{},"s":{"0":1},"f":{},"b":{},"_coverageSchema":"1a1c01bbd47fc00a2c39e90264f33305004495a9","hash":"2d34fbdd82c306183ecef4d331477ab4546de0d3"}
,"C:\\Users\\PC\\COA-Todo\\db\\db.js": {"path":"C:\\Users\\PC\\COA-Todo\\db\\db.js","statementMap":{"0":{"start":{"line":1,"column":12},"end":{"line":1,"column":14}}},"fnMap":{},"branchMap":{},"s":{"0":1},"f":{},"b":{},"_coverageSchema":"1a1c01bbd47fc00a2c39e90264f33305004495a9","hash":"d360f61cd593224735a1713e41fc15434f56a483"}
}
