TN:
SF:app.js
FN:11,(anonymous_0)
FN:37,(anonymous_1)
FN:40,(anonymous_2)
FN:55,(anonymous_3)
FN:57,(anonymous_4)
FN:58,(anonymous_5)
FN:85,(anonymous_6)
FN:89,(anonymous_7)
FN:93,(anonymous_8)
FN:95,(anonymous_9)
FN:96,(anonymous_10)
FN:123,(anonymous_11)
FN:125,(anonymous_12)
FN:141,(anonymous_13)
FN:152,(anonymous_14)
FN:158,(anonymous_15)
FNF:16
FNH:16
FNDA:3,(anonymous_0)
FNDA:2,(anonymous_1)
FNDA:2,(anonymous_2)
FNDA:3,(anonymous_3)
FNDA:3,(anonymous_4)
FNDA:3,(anonymous_5)
FNDA:2,(anonymous_6)
FNDA:1,(anonymous_7)
FNDA:2,(anonymous_8)
FNDA:2,(anonymous_9)
FNDA:2,(anonymous_10)
FNDA:2,(anonymous_11)
FNDA:2,(anonymous_12)
FNDA:2,(anonymous_13)
FNDA:1,(anonymous_14)
FNDA:1,(anonymous_15)
DA:6,1
DA:8,1
DA:9,1
DA:11,1
DA:12,3
DA:14,3
DA:15,2
DA:21,1
DA:29,1
DA:30,1
DA:37,1
DA:38,2
DA:40,2
DA:42,2
DA:43,1
DA:48,1
DA:55,1
DA:56,3
DA:57,3
DA:58,3
DA:60,3
DA:61,1
DA:67,2
DA:76,2
DA:78,2
DA:85,1
DA:86,2
DA:89,1
DA:93,1
DA:94,2
DA:95,2
DA:96,2
DA:98,2
DA:99,1
DA:105,1
DA:114,1
DA:116,1
DA:123,1
DA:124,2
DA:125,2
DA:126,2
DA:127,1
DA:133,1
DA:135,1
DA:141,1
DA:143,2
DA:144,1
DA:149,1
DA:152,1
DA:156,1
DA:158,1
DA:159,1
LF:52
LH:52
BRDA:14,0,0,2
BRDA:14,0,1,1
BRDA:42,1,0,1
BRDA:42,1,1,1
BRDA:60,2,0,1
BRDA:60,2,1,2
BRDA:69,3,0,2
BRDA:69,3,1,1
BRDA:70,4,0,2
BRDA:70,4,1,1
BRDA:71,5,0,2
BRDA:71,5,1,1
BRDA:72,6,0,2
BRDA:72,6,1,2
BRDA:73,7,0,2
BRDA:73,7,1,2
BRDA:98,8,0,1
BRDA:98,8,1,1
BRDA:107,9,0,1
BRDA:107,9,1,1
BRDA:108,10,0,1
BRDA:108,10,1,1
BRDA:109,11,0,1
BRDA:109,11,1,1
BRDA:110,12,0,1
BRDA:110,12,1,1
BRDA:111,13,0,1
BRDA:111,13,1,1
BRDA:125,14,0,2
BRDA:125,14,1,1
BRDA:126,15,0,1
BRDA:126,15,1,1
BRDA:143,16,0,1
BRDA:143,16,1,1
BRF:34
BRH:34
end_of_record
TN:
SF:validation.js
FNF:0
FNH:0
DA:3,1
LF:1
LH:1
BRF:0
BRH:0
end_of_record
TN:
SF:db\db.js
FNF:0
FNH:0
DA:1,1
LF:1
LH:1
BRF:0
BRH:0
end_of_record
